#
# There is insufficient memory for the Java Runtime Environment to continue.
# Native memory allocation (malloc) failed to allocate 1104672 bytes for Chunk::new
# Possible reasons:
#   The system is out of physical RAM or swap space
#   The process is running with CompressedOops enabled, and the Java Heap may be blocking the growth of the native heap
# Possible solutions:
#   Reduce memory load on the system
#   Increase physical memory or swap space
#   Check if swap backing store is full
#   Decrease Java heap size (-Xmx/-Xms)
#   Decrease number of Java threads
#   Decrease Java thread stack sizes (-Xss)
#   Set larger code cache with -XX:ReservedCodeCacheSize=
#   JVM is running with Unscaled Compressed Oops mode in which the Java heap is
#     placed in the first 4GB address space. The Java Heap base address is the
#     maximum limit for the native heap growth. Please use -XX:HeapBaseMinAddress
#     to set the Java Heap base and to place the Java Heap above 4GB virtual address.
# This output file may be truncated or incomplete.
#
#  Out of Memory Error (allocation.cpp:389), pid=52552, tid=0x000000000000b8a0
#
# JRE version: Java(TM) SE Runtime Environment (8.0_301-b09) (build 1.8.0_301-b09)
# Java VM: Java HotSpot(TM) 64-Bit Server VM (25.301-b09 mixed mode windows-amd64 compressed oops)
# Failed to write core dump. Minidumps are not enabled by default on client versions of Windows
#

---------------  T H R E A D  ---------------

Current thread (0x000002c21c813000):  JavaThread "C2 CompilerThread0" daemon [_thread_in_native, id=47264, stack(0x000000dae7200000,0x000000dae7300000)]

Stack: [0x000000dae7200000,0x000000dae7300000]
Native frames: (J=compiled Java code, j=interpreted, Vv=VM code, C=native code)
V  [jvm.dll+0x32ed79]
V  [jvm.dll+0x275722]
V  [jvm.dll+0x2763cd]
V  [jvm.dll+0x26ce05]
V  [jvm.dll+0xd551c]
V  [jvm.dll+0xd5d1c]
V  [jvm.dll+0x470195]
V  [jvm.dll+0x437b13]
V  [jvm.dll+0x440c55]
V  [jvm.dll+0x440015]
V  [jvm.dll+0x42ae57]
V  [jvm.dll+0xac1bb]
V  [jvm.dll+0xaa81b]
V  [jvm.dll+0x23ddc2]
V  [jvm.dll+0x2923dc]
C  [ucrtbase.dll+0x29363]
C  [KERNEL32.DLL+0x126bd]
C  [ntdll.dll+0x5dfb8]


Current CompileTask:
C2:  39213 3878   !   4       javafx.scene.CssStyleHelper::transitionToState (1085 bytes)


---------------  P R O C E S S  ---------------

Java Threads: ( => current thread )
  0x000002c21e842800 JavaThread "Abandoned connection cleanup thread" daemon [_thread_blocked, id=32764, stack(0x000000dae8200000,0x000000dae8300000)]
  0x000002c21e7fb800 JavaThread "Prism Font Disposer" daemon [_thread_blocked, id=51520, stack(0x000000dae8100000,0x000000dae8200000)]
  0x000002c21e626800 JavaThread "Thread-3" daemon [_thread_in_native, id=13316, stack(0x000000dae7f00000,0x000000dae8000000)]
  0x000002c21e637800 JavaThread "JavaFX-Launcher" [_thread_blocked, id=19496, stack(0x000000dae8000000,0x000000dae8100000)]
  0x000002c21e587800 JavaThread "JavaFX Application Thread" [_thread_in_native, id=30344, stack(0x000000dae7b00000,0x000000dae7c00000)]
  0x000002c21e57a000 JavaThread "Thread-1" daemon [_thread_blocked, id=50992, stack(0x000000dae7a00000,0x000000dae7b00000)]
  0x000002c21df66800 JavaThread "QuantumRenderer-0" daemon [_thread_blocked, id=41180, stack(0x000000dae7800000,0x000000dae7900000)]
  0x000002c21dc10800 JavaThread "Service Thread" daemon [_thread_blocked, id=34472, stack(0x000000dae7600000,0x000000dae7700000)]
  0x000002c21c82a800 JavaThread "C1 CompilerThread3" daemon [_thread_blocked, id=45352, stack(0x000000dae7500000,0x000000dae7600000)]
  0x000002c21c819000 JavaThread "C2 CompilerThread2" daemon [_thread_in_native, id=44980, stack(0x000000dae7400000,0x000000dae7500000)]
  0x000002c21c818000 JavaThread "C2 CompilerThread1" daemon [_thread_blocked, id=53452, stack(0x000000dae7300000,0x000000dae7400000)]
=>0x000002c21c813000 JavaThread "C2 CompilerThread0" daemon [_thread_in_native, id=47264, stack(0x000000dae7200000,0x000000dae7300000)]
  0x000002c21c811800 JavaThread "Attach Listener" daemon [_thread_blocked, id=35044, stack(0x000000dae7100000,0x000000dae7200000)]
  0x000002c21c80f000 JavaThread "Signal Dispatcher" daemon [_thread_blocked, id=47752, stack(0x000000dae7000000,0x000000dae7100000)]
  0x000002c21bbfa800 JavaThread "Finalizer" daemon [_thread_blocked, id=53724, stack(0x000000dae6f00000,0x000000dae7000000)]
  0x000002c21c7ea800 JavaThread "Reference Handler" daemon [_thread_blocked, id=34232, stack(0x000000dae6e00000,0x000000dae6f00000)]
  0x000002c205a94000 JavaThread "main" [_thread_blocked, id=48232, stack(0x000000dae6400000,0x000000dae6500000)]

Other Threads:
  0x000002c21c7c4800 VMThread [stack: 0x000000dae6d00000,0x000000dae6e00000] [id=27680]
  0x000002c21c86b000 WatcherThread [stack: 0x000000dae7700000,0x000000dae7800000] [id=48876]

VM state:not at safepoint (normal execution)

VM Mutex/Monitor currently owned by a thread: None

heap address: 0x0000000082800000, size: 2008 MB, Compressed Oops mode: 32-bit
Narrow klass base: 0x0000000000000000, Narrow klass shift: 3
Compressed class space size: 1073741824 Address: 0x0000000100000000

Heap:
 PSYoungGen      total 37888K, used 13787K [0x00000000d6300000, 0x00000000d9480000, 0x0000000100000000)
  eden space 32768K, 26% used [0x00000000d6300000,0x00000000d6b7dd10,0x00000000d8300000)
  from space 5120K, 99% used [0x00000000d8300000,0x00000000d87f9030,0x00000000d8800000)
  to   space 5120K, 0% used [0x00000000d8f80000,0x00000000d8f80000,0x00000000d9480000)
 ParOldGen       total 72192K, used 16838K [0x0000000082800000, 0x0000000086e80000, 0x00000000d6300000)
  object space 72192K, 23% used [0x0000000082800000,0x0000000083871930,0x0000000086e80000)
 Metaspace       used 22574K, capacity 23926K, committed 24192K, reserved 1071104K
  class space    used 3091K, capacity 3360K, committed 3456K, reserved 1048576K

Card table byte_map: [0x000002c2169c0000,0x000002c216db0000] byte_map_base: 0x000002c2165ac000

Marking Bits: (ParMarkBitMap*) 0x0000000057c37fe0
 Begin Bits: [0x000002c217050000, 0x000002c218fb0000)
 End Bits:   [0x000002c218fb0000, 0x000002c21af10000)

Polling page: 0x000002c205d40000

CodeCache: size=245760Kb used=12781Kb max_used=12792Kb free=232978Kb
 bounds [0x000002c207600000, 0x000002c2082a0000, 0x000002c216600000]
 total_blobs=4630 nmethods=3882 adapters=660
 compilation: enabled

Compilation events (10 events):
Event: 39.077 Thread 0x000002c21c818000 3911       4       javafx.scene.Node::impl_getPeer (57 bytes)
Event: 39.078 Thread 0x000002c21c818000 nmethod 3911 0x000002c2077489d0 code [0x000002c207748b00, 0x000002c207748bb8]
Event: 39.100 Thread 0x000002c21c82a800 3919       3       java.nio.CharBuffer::array (35 bytes)
Event: 39.100 Thread 0x000002c21c82a800 nmethod 3919 0x000002c207713910 code [0x000002c207713aa0, 0x000002c207713dc0]
Event: 39.100 Thread 0x000002c21c82a800 3920       3       sun.nio.cs.UTF_8::access$200 (8 bytes)
Event: 39.101 Thread 0x000002c21c82a800 nmethod 3920 0x000002c2077afb50 code [0x000002c2077afce0, 0x000002c2077b0180]
Event: 39.101 Thread 0x000002c21c82a800 3921       3       sun.nio.cs.UTF_8::updatePositions (23 bytes)
Event: 39.101 Thread 0x000002c21c82a800 nmethod 3921 0x000002c207703dd0 code [0x000002c207703f60, 0x000002c2077043a0]
Event: 39.101 Thread 0x000002c21c82a800 3922       3       java.util.Objects::equals (23 bytes)
Event: 39.102 Thread 0x000002c21c82a800 nmethod 3922 0x000002c207710090 code [0x000002c207710200, 0x000002c2077104d0]

GC Heap History (8 events):
Event: 0.932 GC heap before
{Heap before GC invocations=1 (full 0):
 PSYoungGen      total 37888K, used 32768K [0x00000000d6300000, 0x00000000d8d00000, 0x0000000100000000)
  eden space 32768K, 100% used [0x00000000d6300000,0x00000000d8300000,0x00000000d8300000)
  from space 5120K, 0% used [0x00000000d8800000,0x00000000d8800000,0x00000000d8d00000)
  to   space 5120K, 0% used [0x00000000d8300000,0x00000000d8300000,0x00000000d8800000)
 ParOldGen       total 86016K, used 0K [0x0000000082800000, 0x0000000087c00000, 0x00000000d6300000)
  object space 86016K, 0% used [0x0000000082800000,0x0000000082800000,0x0000000087c00000)
 Metaspace       used 15688K, capacity 16230K, committed 16640K, reserved 1062912K
  class space    used 2069K, capacity 2220K, committed 2304K, reserved 1048576K
Event: 0.937 GC heap after
Heap after GC invocations=1 (full 0):
 PSYoungGen      total 37888K, used 5118K [0x00000000d6300000, 0x00000000d8d00000, 0x0000000100000000)
  eden space 32768K, 0% used [0x00000000d6300000,0x00000000d6300000,0x00000000d8300000)
  from space 5120K, 99% used [0x00000000d8300000,0x00000000d87ffb98,0x00000000d8800000)
  to   space 5120K, 0% used [0x00000000d8800000,0x00000000d8800000,0x00000000d8d00000)
 ParOldGen       total 86016K, used 3373K [0x0000000082800000, 0x0000000087c00000, 0x00000000d6300000)
  object space 86016K, 3% used [0x0000000082800000,0x0000000082b4b548,0x0000000087c00000)
 Metaspace       used 15688K, capacity 16230K, committed 16640K, reserved 1062912K
  class space    used 2069K, capacity 2220K, committed 2304K, reserved 1048576K
}
Event: 1.474 GC heap before
{Heap before GC invocations=2 (full 0):
 PSYoungGen      total 37888K, used 26516K [0x00000000d6300000, 0x00000000d8d00000, 0x0000000100000000)
  eden space 32768K, 65% used [0x00000000d6300000,0x00000000d77e5578,0x00000000d8300000)
  from space 5120K, 99% used [0x00000000d8300000,0x00000000d87ffb98,0x00000000d8800000)
  to   space 5120K, 0% used [0x00000000d8800000,0x00000000d8800000,0x00000000d8d00000)
 ParOldGen       total 86016K, used 3373K [0x0000000082800000, 0x0000000087c00000, 0x00000000d6300000)
  object space 86016K, 3% used [0x0000000082800000,0x0000000082b4b548,0x0000000087c00000)
 Metaspace       used 20062K, capacity 21206K, committed 21248K, reserved 1067008K
  class space    used 2826K, capacity 3038K, committed 3072K, reserved 1048576K
Event: 1.492 GC heap after
Heap after GC invocations=2 (full 0):
 PSYoungGen      total 37888K, used 5088K [0x00000000d6300000, 0x00000000dad00000, 0x0000000100000000)
  eden space 32768K, 0% used [0x00000000d6300000,0x00000000d6300000,0x00000000d8300000)
  from space 5120K, 99% used [0x00000000d8800000,0x00000000d8cf8060,0x00000000d8d00000)
  to   space 5120K, 0% used [0x00000000d8300000,0x00000000d8300000,0x00000000d8800000)
 ParOldGen       total 86016K, used 7123K [0x0000000082800000, 0x0000000087c00000, 0x00000000d6300000)
  object space 86016K, 8% used [0x0000000082800000,0x0000000082ef4ff8,0x0000000087c00000)
 Metaspace       used 20062K, capacity 21206K, committed 21248K, reserved 1067008K
  class space    used 2826K, capacity 3038K, committed 3072K, reserved 1048576K
}
Event: 1.492 GC heap before
{Heap before GC invocations=3 (full 1):
 PSYoungGen      total 37888K, used 5088K [0x00000000d6300000, 0x00000000dad00000, 0x0000000100000000)
  eden space 32768K, 0% used [0x00000000d6300000,0x00000000d6300000,0x00000000d8300000)
  from space 5120K, 99% used [0x00000000d8800000,0x00000000d8cf8060,0x00000000d8d00000)
  to   space 5120K, 0% used [0x00000000d8300000,0x00000000d8300000,0x00000000d8800000)
 ParOldGen       total 86016K, used 7123K [0x0000000082800000, 0x0000000087c00000, 0x00000000d6300000)
  object space 86016K, 8% used [0x0000000082800000,0x0000000082ef4ff8,0x0000000087c00000)
 Metaspace       used 20062K, capacity 21206K, committed 21248K, reserved 1067008K
  class space    used 2826K, capacity 3038K, committed 3072K, reserved 1048576K
Event: 1.557 GC heap after
Heap after GC invocations=3 (full 1):
 PSYoungGen      total 37888K, used 0K [0x00000000d6300000, 0x00000000dad00000, 0x0000000100000000)
  eden space 32768K, 0% used [0x00000000d6300000,0x00000000d6300000,0x00000000d8300000)
  from space 5120K, 0% used [0x00000000d8800000,0x00000000d8800000,0x00000000d8d00000)
  to   space 5120K, 0% used [0x00000000d8300000,0x00000000d8300000,0x00000000d8800000)
 ParOldGen       total 72192K, used 11586K [0x0000000082800000, 0x0000000086e80000, 0x00000000d6300000)
  object space 72192K, 16% used [0x0000000082800000,0x0000000083350a20,0x0000000086e80000)
 Metaspace       used 20062K, capacity 21206K, committed 21248K, reserved 1067008K
  class space    used 2826K, capacity 3038K, committed 3072K, reserved 1048576K
}
Event: 38.848 GC heap before
{Heap before GC invocations=4 (full 1):
 PSYoungGen      total 37888K, used 30686K [0x00000000d6300000, 0x00000000dad00000, 0x0000000100000000)
  eden space 32768K, 93% used [0x00000000d6300000,0x00000000d80f7980,0x00000000d8300000)
  from space 5120K, 0% used [0x00000000d8800000,0x00000000d8800000,0x00000000d8d00000)
  to   space 5120K, 0% used [0x00000000d8300000,0x00000000d8300000,0x00000000d8800000)
 ParOldGen       total 72192K, used 11586K [0x0000000082800000, 0x0000000086e80000, 0x00000000d6300000)
  object space 72192K, 16% used [0x0000000082800000,0x0000000083350a20,0x0000000086e80000)
 Metaspace       used 22527K, capacity 23926K, committed 24192K, reserved 1071104K
  class space    used 3090K, capacity 3360K, committed 3456K, reserved 1048576K
Event: 38.854 GC heap after
Heap after GC invocations=4 (full 1):
 PSYoungGen      total 37888K, used 5092K [0x00000000d6300000, 0x00000000d9480000, 0x0000000100000000)
  eden space 32768K, 0% used [0x00000000d6300000,0x00000000d6300000,0x00000000d8300000)
  from space 5120K, 99% used [0x00000000d8300000,0x00000000d87f9030,0x00000000d8800000)
  to   space 5120K, 0% used [0x00000000d8f80000,0x00000000d8f80000,0x00000000d9480000)
 ParOldGen       total 72192K, used 16838K [0x0000000082800000, 0x0000000086e80000, 0x00000000d6300000)
  object space 72192K, 23% used [0x0000000082800000,0x0000000083871930,0x0000000086e80000)
 Metaspace       used 22527K, capacity 23926K, committed 24192K, reserved 1071104K
  class space    used 3090K, capacity 3360K, committed 3456K, reserved 1048576K
}

Deoptimization events (10 events):
Event: 12.480 Thread 0x000002c21e587800 Uncommon trap: reason=class_check action=maybe_recompile pc=0x000002c207aeb3f0 method=java.io.FilterInputStream.read()I @ 4
Event: 12.481 Thread 0x000002c21e587800 Uncommon trap: reason=class_check action=maybe_recompile pc=0x000002c207aeb3f0 method=java.io.FilterInputStream.read()I @ 4
Event: 12.481 Thread 0x000002c21e587800 Uncommon trap: reason=class_check action=maybe_recompile pc=0x000002c207aeb3f0 method=java.io.FilterInputStream.read()I @ 4
Event: 12.481 Thread 0x000002c21e587800 Uncommon trap: reason=class_check action=maybe_recompile pc=0x000002c207aeb3f0 method=java.io.FilterInputStream.read()I @ 4
Event: 12.485 Thread 0x000002c21e587800 Uncommon trap: reason=bimorphic action=maybe_recompile pc=0x000002c207cae998 method=com.sun.javafx.css.CompoundSelector.stateMatches(Ljavafx/css/Styleable;Ljava/util/Set;I)Z @ 160
Event: 12.485 Thread 0x000002c21e587800 Uncommon trap: reason=bimorphic action=maybe_recompile pc=0x000002c207cae998 method=com.sun.javafx.css.CompoundSelector.stateMatches(Ljavafx/css/Styleable;Ljava/util/Set;I)Z @ 160
Event: 12.486 Thread 0x000002c21e587800 Uncommon trap: reason=unstable_if action=reinterpret pc=0x000002c207e9fe70 method=javafx.scene.CssStyleHelper.lookup(Ljavafx/css/Styleable;Ljavafx/css/CssMetaData;Lcom/sun/javafx/css/StyleMap;Ljava/util/Set;Ljavafx/css/Styleable;Lcom/sun/javafx/css/Calcul
Event: 12.494 Thread 0x000002c21e587800 Uncommon trap: reason=class_check action=maybe_recompile pc=0x000002c207d1dd80 method=com.sun.javafx.css.ParsedValueImpl.hashCode()I @ 226
Event: 38.864 Thread 0x000002c21e587800 Uncommon trap: reason=unstable_if action=reinterpret pc=0x000002c207db6cf8 method=java.util.WeakHashMap.expungeStaleEntries()V @ 9
Event: 38.882 Thread 0x000002c21e587800 Uncommon trap: reason=unstable_if action=reinterpret pc=0x000002c207aa2900 method=java.util.WeakHashMap.expungeStaleEntries()V @ 9

Classes redefined (0 events):
No events

Internal exceptions (10 events):
Event: 0.913 Thread 0x000002c21e587800 Implicit null exception at 0x000002c20798db98 to 0x000002c20798dc26
Event: 1.249 Thread 0x000002c21e587800 Implicit null exception at 0x000002c207ae5a2b to 0x000002c207ae6191
Event: 6.997 Thread 0x000002c21e587800 Implicit null exception at 0x000002c207deb35f to 0x000002c207debb7d
Event: 38.823 Thread 0x000002c21e587800 Exception <a 'java/io/FileNotFoundException'> (0x00000000d7ad0290) thrown at [C:\jenkins\workspace\8-2-build-windows-amd64-cygwin\jdk8u301\1513\hotspot\src\share\vm\prims\jni.cpp, line 710]
Event: 38.836 Thread 0x000002c21e587800 Exception <a 'java/io/FileNotFoundException'> (0x00000000d7b06310) thrown at [C:\jenkins\workspace\8-2-build-windows-amd64-cygwin\jdk8u301\1513\hotspot\src\share\vm\prims\jni.cpp, line 710]
Event: 38.847 Thread 0x000002c21e587800 Exception <a 'java/io/FileNotFoundException'> (0x00000000d7b27650) thrown at [C:\jenkins\workspace\8-2-build-windows-amd64-cygwin\jdk8u301\1513\hotspot\src\share\vm\prims\jni.cpp, line 710]
Event: 38.866 Thread 0x000002c21e587800 Exception <a 'java/io/FileNotFoundException'> (0x00000000d65ee878) thrown at [C:\jenkins\workspace\8-2-build-windows-amd64-cygwin\jdk8u301\1513\hotspot\src\share\vm\prims\jni.cpp, line 710]
Event: 39.099 Thread 0x000002c21e587800 Exception <a 'java/lang/NullPointerException'> (0x00000000d6ab4e98) thrown at [C:\jenkins\workspace\8-2-build-windows-amd64-cygwin\jdk8u301\1513\hotspot\src\share\vm\interpreter\linkResolver.cpp, line 1185]
Event: 39.099 Thread 0x000002c21e587800 Exception <a 'java/lang/reflect/InvocationTargetException'> (0x00000000d6ab5288) thrown at [C:\jenkins\workspace\8-2-build-windows-amd64-cygwin\jdk8u301\1513\hotspot\src\share\vm\runtime\reflection.cpp, line 1092]
Event: 39.099 Thread 0x000002c21e587800 Exception <a 'java/lang/RuntimeException'> (0x00000000d6ab5a78) thrown at [C:\jenkins\workspace\8-2-build-windows-amd64-cygwin\jdk8u301\1513\hotspot\src\share\vm\prims\jvm.cpp, line 1527]

Events (10 events):
Event: 38.962 Thread 0x000002c21c82a800 flushing nmethod 0x000002c20772b390
Event: 38.962 Thread 0x000002c21c82a800 flushing nmethod 0x000002c20772c5d0
Event: 38.962 Thread 0x000002c21c82a800 flushing nmethod 0x000002c20772d190
Event: 38.962 Thread 0x000002c21c82a800 flushing nmethod 0x000002c20772d850
Event: 38.962 Thread 0x000002c21c82a800 flushing nmethod 0x000002c2077488d0
Event: 38.965 Thread 0x000002c21c82a800 flushing nmethod 0x000002c2077857d0
Event: 38.965 Thread 0x000002c21c82a800 flushing nmethod 0x000002c207797450
Event: 38.965 Thread 0x000002c21c82a800 flushing nmethod 0x000002c2077afb50
Event: 39.099 loading class java/lang/Throwable$WrappedPrintStream
Event: 39.100 loading class java/lang/Throwable$WrappedPrintStream done


Dynamic libraries:
0x00007ff6c9920000 - 0x00007ff6c9967000 	C:\Program Files\Java\jdk1.8.0_301\jre\bin\java.exe
0x00007ffe677b0000 - 0x00007ffe679c4000 	C:\WINDOWS\SYSTEM32\ntdll.dll
0x00007ffe65c20000 - 0x00007ffe65ce3000 	C:\WINDOWS\System32\KERNEL32.DLL
0x00007ffe64f70000 - 0x00007ffe6530c000 	C:\WINDOWS\System32\KERNELBASE.dll
0x00007ffe67440000 - 0x00007ffe674ee000 	C:\WINDOWS\System32\ADVAPI32.dll
0x00007ffe661e0000 - 0x00007ffe66287000 	C:\WINDOWS\System32\msvcrt.dll
0x00007ffe66860000 - 0x00007ffe66904000 	C:\WINDOWS\System32\sechost.dll
0x00007ffe67320000 - 0x00007ffe67435000 	C:\WINDOWS\System32\RPCRT4.dll
0x00007ffe66490000 - 0x00007ffe6663d000 	C:\WINDOWS\System32\USER32.dll
0x00007ffe64e20000 - 0x00007ffe64e46000 	C:\WINDOWS\System32\win32u.dll
0x00007ffe674f0000 - 0x00007ffe67519000 	C:\WINDOWS\System32\GDI32.dll
0x00007ffe65310000 - 0x00007ffe65422000 	C:\WINDOWS\System32\gdi32full.dll
0x00007ffe65430000 - 0x00007ffe654ca000 	C:\WINDOWS\System32\msvcp_win.dll
0x00007ffe64e50000 - 0x00007ffe64f61000 	C:\WINDOWS\System32\ucrtbase.dll
0x00007ffe53cd0000 - 0x00007ffe53f5e000 	C:\WINDOWS\WinSxS\amd64_microsoft.windows.common-controls_6595b64144ccf1df_6.0.22621.608_none_a9444ca7c10bb01d\COMCTL32.dll
0x00007ffe655c0000 - 0x00007ffe655f2000 	C:\WINDOWS\System32\IMM32.DLL
0x00007ffe52070000 - 0x00007ffe52085000 	C:\Program Files\Java\jdk1.8.0_301\jre\bin\vcruntime140.dll
0x00007ffdfbfb0000 - 0x00007ffdfc04b000 	C:\Program Files\Java\jdk1.8.0_301\jre\bin\msvcp140.dll
0x0000000057450000 - 0x0000000057cb0000 	C:\Program Files\Java\jdk1.8.0_301\jre\bin\server\jvm.dll
0x00007ffe66370000 - 0x00007ffe66378000 	C:\WINDOWS\System32\PSAPI.DLL
0x00007ffe52090000 - 0x00007ffe52099000 	C:\WINDOWS\SYSTEM32\WSOCK32.dll
0x00007ffe5edf0000 - 0x00007ffe5edfa000 	C:\WINDOWS\SYSTEM32\VERSION.dll
0x00007ffe5d3b0000 - 0x00007ffe5d3e4000 	C:\WINDOWS\SYSTEM32\WINMM.dll
0x00007ffe66290000 - 0x00007ffe66301000 	C:\WINDOWS\System32\WS2_32.dll
0x00007ffe63cf0000 - 0x00007ffe63d08000 	C:\WINDOWS\SYSTEM32\kernel.appcore.dll
0x00007ffe52060000 - 0x00007ffe52070000 	C:\Program Files\Java\jdk1.8.0_301\jre\bin\verify.dll
0x00007ffe3fd40000 - 0x00007ffe3fd6b000 	C:\Program Files\Java\jdk1.8.0_301\jre\bin\java.dll
0x00007ffe3fd20000 - 0x00007ffe3fd38000 	C:\Program Files\Java\jdk1.8.0_301\jre\bin\zip.dll
0x00007ffe66b30000 - 0x00007ffe6731f000 	C:\WINDOWS\System32\SHELL32.dll
0x00007ffe62bd0000 - 0x00007ffe63498000 	C:\WINDOWS\SYSTEM32\windows.storage.dll
0x00007ffe65e30000 - 0x00007ffe661ba000 	C:\WINDOWS\System32\combase.dll
0x00007ffe62a90000 - 0x00007ffe62bce000 	C:\WINDOWS\SYSTEM32\wintypes.dll
0x00007ffe66390000 - 0x00007ffe66481000 	C:\WINDOWS\System32\SHCORE.dll
0x00007ffe66310000 - 0x00007ffe6636e000 	C:\WINDOWS\System32\shlwapi.dll
0x00007ffe64b20000 - 0x00007ffe64b41000 	C:\WINDOWS\SYSTEM32\profapi.dll
0x000002c205db0000 - 0x000002c205db3000 	C:\Program Files\Java\jdk1.8.0_301\jre\bin\api-ms-win-core-console-l1-1-0.dll
0x000002c205dc0000 - 0x000002c205dc3000 	C:\Program Files\Java\jdk1.8.0_301\jre\bin\api-ms-win-core-console-l1-2-0.dll
0x000002c205dd0000 - 0x000002c205dd3000 	C:\Program Files\Java\jdk1.8.0_301\jre\bin\api-ms-win-core-datetime-l1-1-0.dll
0x000002c205de0000 - 0x000002c205de3000 	C:\Program Files\Java\jdk1.8.0_301\jre\bin\api-ms-win-core-debug-l1-1-0.dll
0x000002c205df0000 - 0x000002c205df3000 	C:\Program Files\Java\jdk1.8.0_301\jre\bin\api-ms-win-core-errorhandling-l1-1-0.dll
0x000002c205e00000 - 0x000002c205e04000 	C:\Program Files\Java\jdk1.8.0_301\jre\bin\api-ms-win-core-file-l1-1-0.dll
0x000002c205e10000 - 0x000002c205e13000 	C:\Program Files\Java\jdk1.8.0_301\jre\bin\api-ms-win-core-file-l1-2-0.dll
0x000002c205e20000 - 0x000002c205e23000 	C:\Program Files\Java\jdk1.8.0_301\jre\bin\api-ms-win-core-file-l2-1-0.dll
0x000002c205e30000 - 0x000002c205e33000 	C:\Program Files\Java\jdk1.8.0_301\jre\bin\api-ms-win-core-handle-l1-1-0.dll
0x000002c205e40000 - 0x000002c205e43000 	C:\Program Files\Java\jdk1.8.0_301\jre\bin\api-ms-win-core-heap-l1-1-0.dll
0x000002c21e170000 - 0x000002c21e173000 	C:\Program Files\Java\jdk1.8.0_301\jre\bin\api-ms-win-core-interlocked-l1-1-0.dll
0x000002c21e180000 - 0x000002c21e183000 	C:\Program Files\Java\jdk1.8.0_301\jre\bin\api-ms-win-core-libraryloader-l1-1-0.dll
0x000002c21e190000 - 0x000002c21e193000 	C:\Program Files\Java\jdk1.8.0_301\jre\bin\api-ms-win-core-localization-l1-2-0.dll
0x000002c21e1a0000 - 0x000002c21e1a3000 	C:\Program Files\Java\jdk1.8.0_301\jre\bin\api-ms-win-core-memory-l1-1-0.dll
0x000002c21e1b0000 - 0x000002c21e1b3000 	C:\Program Files\Java\jdk1.8.0_301\jre\bin\api-ms-win-core-namedpipe-l1-1-0.dll
0x000002c21e1c0000 - 0x000002c21e1c3000 	C:\Program Files\Java\jdk1.8.0_301\jre\bin\api-ms-win-core-processenvironment-l1-1-0.dll
0x000002c21e1d0000 - 0x000002c21e1d3000 	C:\Program Files\Java\jdk1.8.0_301\jre\bin\api-ms-win-core-processthreads-l1-1-0.dll
0x000002c21e1e0000 - 0x000002c21e1e3000 	C:\Program Files\Java\jdk1.8.0_301\jre\bin\api-ms-win-core-processthreads-l1-1-1.dll
0x000002c21e1f0000 - 0x000002c21e1f3000 	C:\Program Files\Java\jdk1.8.0_301\jre\bin\api-ms-win-core-profile-l1-1-0.dll
0x000002c21e200000 - 0x000002c21e203000 	C:\Program Files\Java\jdk1.8.0_301\jre\bin\api-ms-win-core-rtlsupport-l1-1-0.dll
0x000002c21e210000 - 0x000002c21e213000 	C:\Program Files\Java\jdk1.8.0_301\jre\bin\api-ms-win-core-string-l1-1-0.dll
0x000002c21e220000 - 0x000002c21e223000 	C:\Program Files\Java\jdk1.8.0_301\jre\bin\api-ms-win-core-synch-l1-1-0.dll
0x000002c21e230000 - 0x000002c21e233000 	C:\Program Files\Java\jdk1.8.0_301\jre\bin\api-ms-win-core-synch-l1-2-0.dll
0x000002c21e240000 - 0x000002c21e243000 	C:\Program Files\Java\jdk1.8.0_301\jre\bin\api-ms-win-core-sysinfo-l1-1-0.dll
0x000002c21e250000 - 0x000002c21e253000 	C:\Program Files\Java\jdk1.8.0_301\jre\bin\api-ms-win-core-timezone-l1-1-0.dll
0x000002c21e260000 - 0x000002c21e263000 	C:\Program Files\Java\jdk1.8.0_301\jre\bin\api-ms-win-core-util-l1-1-0.dll
0x000002c21e270000 - 0x000002c21e273000 	C:\Program Files\Java\jdk1.8.0_301\jre\bin\api-ms-win-crt-conio-l1-1-0.dll
0x000002c21e280000 - 0x000002c21e284000 	C:\Program Files\Java\jdk1.8.0_301\jre\bin\api-ms-win-crt-convert-l1-1-0.dll
0x000002c21e290000 - 0x000002c21e293000 	C:\Program Files\Java\jdk1.8.0_301\jre\bin\api-ms-win-crt-environment-l1-1-0.dll
0x000002c21e2a0000 - 0x000002c21e2a3000 	C:\Program Files\Java\jdk1.8.0_301\jre\bin\api-ms-win-crt-filesystem-l1-1-0.dll
0x000002c21e2b0000 - 0x000002c21e2b3000 	C:\Program Files\Java\jdk1.8.0_301\jre\bin\api-ms-win-crt-heap-l1-1-0.dll
0x000002c21e2c0000 - 0x000002c21e2c3000 	C:\Program Files\Java\jdk1.8.0_301\jre\bin\api-ms-win-crt-locale-l1-1-0.dll
0x000002c21e2d0000 - 0x000002c21e2d5000 	C:\Program Files\Java\jdk1.8.0_301\jre\bin\api-ms-win-crt-math-l1-1-0.dll
0x000002c21e2e0000 - 0x000002c21e2e5000 	C:\Program Files\Java\jdk1.8.0_301\jre\bin\api-ms-win-crt-multibyte-l1-1-0.dll
0x000002c21e2f0000 - 0x000002c21e300000 	C:\Program Files\Java\jdk1.8.0_301\jre\bin\api-ms-win-crt-private-l1-1-0.dll
0x000002c21e300000 - 0x000002c21e303000 	C:\Program Files\Java\jdk1.8.0_301\jre\bin\api-ms-win-crt-process-l1-1-0.dll
0x000002c21e310000 - 0x000002c21e314000 	C:\Program Files\Java\jdk1.8.0_301\jre\bin\api-ms-win-crt-runtime-l1-1-0.dll
0x000002c21e320000 - 0x000002c21e324000 	C:\Program Files\Java\jdk1.8.0_301\jre\bin\api-ms-win-crt-stdio-l1-1-0.dll
0x000002c21e330000 - 0x000002c21e334000 	C:\Program Files\Java\jdk1.8.0_301\jre\bin\api-ms-win-crt-string-l1-1-0.dll
0x000002c21e340000 - 0x000002c21e343000 	C:\Program Files\Java\jdk1.8.0_301\jre\bin\api-ms-win-crt-time-l1-1-0.dll
0x000002c21e350000 - 0x000002c21e353000 	C:\Program Files\Java\jdk1.8.0_301\jre\bin\api-ms-win-crt-utility-l1-1-0.dll
0x00007ffe26650000 - 0x00007ffe2674a000 	C:\Program Files\Java\jdk1.8.0_301\jre\bin\ucrtbase.dll
0x00007ffe60020000 - 0x00007ffe6002c000 	C:\Program Files\Java\jdk1.8.0_301\jre\bin\vcruntime140_1.dll
0x00007ffe51dc0000 - 0x00007ffe51de3000 	C:\Program Files\Java\jdk1.8.0_301\jre\bin\prism_d3d.dll
0x00007ffe52c30000 - 0x00007ffe52dd9000 	C:\WINDOWS\system32\d3d9.dll
0x00007ffe62050000 - 0x00007ffe6207b000 	C:\WINDOWS\SYSTEM32\dwmapi.dll
0x00007ffe61f00000 - 0x00007ffe61f36000 	C:\WINDOWS\SYSTEM32\dxcore.dll
0x00007ffe61df0000 - 0x00007ffe61e9b000 	C:\WINDOWS\system32\uxtheme.dll
0x00007ffdcad40000 - 0x00007ffdcaea5000 	C:\WINDOWS\System32\DriverStore\FileRepository\iigd_dch.inf_amd64_034e16382545a6a5\igdumdim64.dll
0x00007ffe67520000 - 0x00007ffe676bc000 	C:\WINDOWS\System32\ole32.dll
0x00007ffd979c0000 - 0x00007ffd9b5e1000 	C:\WINDOWS\System32\DriverStore\FileRepository\iigd_dch.inf_amd64_034e16382545a6a5\igd9dxva64.dll
0x00007ffe65cf0000 - 0x00007ffe65dc7000 	C:\WINDOWS\System32\OLEAUT32.dll
0x00007ffe657a0000 - 0x00007ffe65c1a000 	C:\WINDOWS\System32\SETUPAPI.dll
0x00007ffe648e0000 - 0x00007ffe6492e000 	C:\WINDOWS\SYSTEM32\cfgmgr32.dll
0x00007ffe5a5e0000 - 0x00007ffe5a9ad000 	C:\WINDOWS\System32\DriverStore\FileRepository\iigd_dch.inf_amd64_034e16382545a6a5\igdgmm64.dll
0x00007ffe5f4b0000 - 0x00007ffe5f4f9000 	C:\WINDOWS\SYSTEM32\directxdatabasehelper.dll
0x00007ffe13580000 - 0x00007ffe1363e000 	C:\WINDOWS\System32\DriverStore\FileRepository\nvamsi.inf_amd64_797115fe5a63ac30\nvldumdx.dll
0x00007ffe64880000 - 0x00007ffe64892000 	C:\WINDOWS\SYSTEM32\msasn1.dll
0x00007ffe5a9d0000 - 0x00007ffe5aa02000 	C:\WINDOWS\SYSTEM32\cryptnet.dll
0x00007ffe64cb0000 - 0x00007ffe64e16000 	C:\WINDOWS\System32\CRYPT32.dll
0x00007ffe5a480000 - 0x00007ffe5a5d8000 	C:\WINDOWS\SYSTEM32\drvstore.dll
0x00007ffe648a0000 - 0x00007ffe648d3000 	C:\WINDOWS\SYSTEM32\devobj.dll
0x00007ffe644a0000 - 0x00007ffe644e9000 	C:\WINDOWS\SYSTEM32\wldp.dll
0x00007ffe643f0000 - 0x00007ffe643fc000 	C:\WINDOWS\SYSTEM32\cryptbase.dll
0x00007ffe65550000 - 0x00007ffe655bb000 	C:\WINDOWS\System32\WINTRUST.DLL
0x00007ffe661c0000 - 0x00007ffe661df000 	C:\WINDOWS\System32\imagehlp.dll
0x00007ffe643d0000 - 0x00007ffe643eb000 	C:\WINDOWS\SYSTEM32\CRYPTSP.dll
0x00007ffe63c60000 - 0x00007ffe63c95000 	C:\WINDOWS\system32\rsaenh.dll
0x00007ffe654d0000 - 0x00007ffe6554b000 	C:\WINDOWS\System32\bcryptPrimitives.dll
0x00007ffe64590000 - 0x00007ffe645b8000 	C:\WINDOWS\SYSTEM32\bcrypt.dll
0x00007ffdc2bb0000 - 0x00007ffdc51ba000 	C:\WINDOWS\System32\DriverStore\FileRepository\nvamsi.inf_amd64_797115fe5a63ac30\nvd3dumx.dll
0x00007ffe41580000 - 0x00007ffe415c2000 	C:\Program Files\Java\jdk1.8.0_301\jre\bin\glass.dll
0x00007ffe656a0000 - 0x00007ffe65797000 	C:\WINDOWS\System32\COMDLG32.dll
0x00007ffe666d0000 - 0x00007ffe667ee000 	C:\WINDOWS\System32\MSCTF.dll
0x00007ffe5ffa0000 - 0x00007ffe5ffc7000 	C:\WINDOWS\System32\DriverStore\FileRepository\iigd_dch.inf_amd64_034e16382545a6a5\igdinfo64.dll
0x00007ffe56fd0000 - 0x00007ffe59d17000 	C:\WINDOWS\System32\DriverStore\FileRepository\iigd_dch.inf_amd64_034e16382545a6a5\igc64.dll
0x00007ffe51d20000 - 0x00007ffe51d34000 	C:\Program Files\Java\jdk1.8.0_301\jre\bin\javafx_font.dll
0x00007ffe60830000 - 0x00007ffe60a97000 	C:\WINDOWS\SYSTEM32\dwrite.dll
0x00007ffe3fd00000 - 0x00007ffe3fd1c000 	C:\Program Files\Java\jdk1.8.0_301\jre\bin\net.dll
0x00007ffe64160000 - 0x00007ffe641c9000 	C:\WINDOWS\system32\mswsock.dll
0x00007ffe637d0000 - 0x00007ffe638c3000 	C:\WINDOWS\SYSTEM32\DNSAPI.dll
0x00007ffe637a0000 - 0x00007ffe637cd000 	C:\WINDOWS\SYSTEM32\IPHLPAPI.DLL
0x00007ffe66380000 - 0x00007ffe66389000 	C:\WINDOWS\System32\NSI.dll
0x00007ffe502b0000 - 0x00007ffe502ba000 	C:\Windows\System32\rasadhlp.dll
0x00007ffe5cb30000 - 0x00007ffe5cbb3000 	C:\WINDOWS\System32\fwpuclnt.dll
0x00007ffe676c0000 - 0x00007ffe67770000 	C:\WINDOWS\System32\clbcatq.dll
0x00007ffe60290000 - 0x00007ffe60440000 	C:\WINDOWS\SYSTEM32\WindowsCodecs.dll
0x00007ffe512c0000 - 0x00007ffe5131e000 	C:\WINDOWS\system32\dataexchange.dll
0x00007ffe5c8c0000 - 0x00007ffe5cb2a000 	C:\WINDOWS\system32\twinapi.appcore.dll
0x00007ffe51eb0000 - 0x00007ffe51ee2000 	C:\Program Files\Common Files\Microsoft Shared\Ink\rtscom.dll
0x00007ffe52970000 - 0x00007ffe52a9d000 	C:\WINDOWS\SYSTEM32\textinputframework.dll
0x00007ffe61940000 - 0x00007ffe61a73000 	C:\WINDOWS\SYSTEM32\CoreMessaging.dll
0x00007ffe5e2f0000 - 0x00007ffe5e65c000 	C:\WINDOWS\SYSTEM32\CoreUIComponents.dll

VM Arguments:
jvm_args: -Dfile.encoding=UTF-8 
java_command: edu.user.gui.MainJavaFX
java_class_path (initial): C:\Program Files\NetBeans 8.2\ide\modules\ext\mysql-connector-java-5.1.23-bin.jar;C:\Users\chebi\Downloads\javax.mail.jar;C:\Users\chebi\Documents\GitHub\Pidev\user\build\classes
Launcher Type: SUN_STANDARD

Environment Variables:
PATH=C:\Program Files (x86)\Common Files\Oracle\Java\javapath;C:\Windows\system32;C:\Windows;C:\Windows\System32\Wbem;C:\Windows\System32\WindowsPowerShell\v1.0\;C:\Windows\System32\OpenSSH\;C:\Program Files (x86)\NVIDIA Corporation\PhysX\Common;C:\Program Files\NVIDIA Corporation\NVIDIA NvDLISR;C:\Program Files\dotnet\;C:\WINDOWS\system32;C:\WINDOWS;C:\WINDOWS\System32\Wbem;C:\WINDOWS\System32\WindowsPowerShell\v1.0\;C:\WINDOWS\System32\OpenSSH\;C:\Users\chebi\AppData\Local\Microsoft\WindowsApps;C:\Users\chebi\AppData\Local\Programs\Microsoft VS Code\bin;C:\Users\chebi\AppData\Local\GitHubDesktop\bin
USERNAME=chebi
OS=Windows_NT
PROCESSOR_IDENTIFIER=Intel64 Family 6 Model 165 Stepping 2, GenuineIntel



---------------  S Y S T E M  ---------------

OS: Windows 10.0 , 64 bit Build 22621 (10.0.22621.1194)

CPU:total 8 (initial active 8) (4 cores per cpu, 2 threads per core) family 6 model 165 stepping 2, cmov, cx8, fxsr, mmx, sse, sse2, sse3, ssse3, sse4.1, sse4.2, popcnt, avx, avx2, aes, clmul, erms, 3dnowpref, lzcnt, ht, tsc, tscinvbit, bmi1, bmi2, adx

Memory: 4k page, physical 8221704k(310312k free), swap 33387528k(5796k free)

vm_info: Java HotSpot(TM) 64-Bit Server VM (25.301-b09) for windows-amd64 JRE (1.8.0_301-b09), built on Jun  9 2021 06:46:21 by "java_re" with MS VC++ 15.9 (VS2017)

time: Fri Mar  3 23:36:59 2023
timezone: GMT
elapsed time: 39.222512 seconds (0d 0h 0m 39s)

