#
# There is insufficient memory for the Java Runtime Environment to continue.
# Native memory allocation (malloc) failed to allocate 2314576 bytes for Chunk::new
# Possible reasons:
#   The system is out of physical RAM or swap space
#   The process is running with CompressedOops enabled, and the Java Heap may be blocking the growth of the native heap
# Possible solutions:
#   Reduce memory load on the system
#   Increase physical memory or swap space
#   Check if swap backing store is full
#   Decrease Java heap size (-Xmx/-Xms)
#   Decrease number of Java threads
#   Decrease Java thread stack sizes (-Xss)
#   Set larger code cache with -XX:ReservedCodeCacheSize=
#   JVM is running with Unscaled Compressed Oops mode in which the Java heap is
#     placed in the first 4GB address space. The Java Heap base address is the
#     maximum limit for the native heap growth. Please use -XX:HeapBaseMinAddress
#     to set the Java Heap base and to place the Java Heap above 4GB virtual address.
# This output file may be truncated or incomplete.
#
#  Out of Memory Error (allocation.cpp:389), pid=44492, tid=0x000000000000d634
#
# JRE version: Java(TM) SE Runtime Environment (8.0_301-b09) (build 1.8.0_301-b09)
# Java VM: Java HotSpot(TM) 64-Bit Server VM (25.301-b09 mixed mode windows-amd64 compressed oops)
# Failed to write core dump. Minidumps are not enabled by default on client versions of Windows
#

---------------  T H R E A D  ---------------

Current thread (0x00000256ae1c4000):  JavaThread "C2 CompilerThread2" daemon [_thread_in_native, id=54836, stack(0x000000b4f9d00000,0x000000b4f9e00000)]

Stack: [0x000000b4f9d00000,0x000000b4f9e00000]
Native frames: (J=compiled Java code, j=interpreted, Vv=VM code, C=native code)
V  [jvm.dll+0x32ed79]
V  [jvm.dll+0x275722]
V  [jvm.dll+0x2763cd]
V  [jvm.dll+0x26ce05]
V  [jvm.dll+0xd551c]
V  [jvm.dll+0xd5d1c]
V  [jvm.dll+0x470143]
V  [jvm.dll+0x437c50]
V  [jvm.dll+0x440c55]
V  [jvm.dll+0x440015]
V  [jvm.dll+0x42ae57]
V  [jvm.dll+0xac1bb]
V  [jvm.dll+0xaa81b]
V  [jvm.dll+0x23ddc2]
V  [jvm.dll+0x2923dc]
C  [ucrtbase.dll+0x29363]
C  [KERNEL32.DLL+0x126bd]
C  [ntdll.dll+0x5dfb8]


Current CompileTask:
C2:   1599 1624       4       javafx.scene.CssStyleHelper::resolveLookups (521 bytes)


---------------  P R O C E S S  ---------------

Java Threads: ( => current thread )
  0x00000256b01ac000 JavaThread "Abandoned connection cleanup thread" daemon [_thread_blocked, id=12900, stack(0x000000b4fab00000,0x000000b4fac00000)]
  0x00000256b0180800 JavaThread "Prism Font Disposer" daemon [_thread_blocked, id=14184, stack(0x000000b4faa00000,0x000000b4fab00000)]
  0x00000256aff86000 JavaThread "Thread-3" daemon [_thread_in_native, id=53148, stack(0x000000b4fa800000,0x000000b4fa900000)]
  0x00000256aff8b000 JavaThread "JavaFX-Launcher" [_thread_blocked, id=50548, stack(0x000000b4fa900000,0x000000b4faa00000)]
  0x00000256afe70800 JavaThread "JavaFX Application Thread" [_thread_in_native, id=40644, stack(0x000000b4fa400000,0x000000b4fa500000)]
  0x00000256afe64800 JavaThread "Thread-1" daemon [_thread_blocked, id=40308, stack(0x000000b4fa300000,0x000000b4fa400000)]
  0x00000256af948800 JavaThread "QuantumRenderer-0" daemon [_thread_blocked, id=52908, stack(0x000000b4fa100000,0x000000b4fa200000)]
  0x00000256af5b0800 JavaThread "Service Thread" daemon [_thread_blocked, id=14728, stack(0x000000b4f9f00000,0x000000b4fa000000)]
  0x00000256ae1c8000 JavaThread "C1 CompilerThread3" daemon [_thread_blocked, id=57912, stack(0x000000b4f9e00000,0x000000b4f9f00000)]
=>0x00000256ae1c4000 JavaThread "C2 CompilerThread2" daemon [_thread_in_native, id=54836, stack(0x000000b4f9d00000,0x000000b4f9e00000)]
  0x00000256ae1b9800 JavaThread "C2 CompilerThread1" daemon [_thread_blocked, id=11304, stack(0x000000b4f9c00000,0x000000b4f9d00000)]
  0x00000256ae1b2800 JavaThread "C2 CompilerThread0" daemon [_thread_blocked, id=4400, stack(0x000000b4f9b00000,0x000000b4f9c00000)]
  0x00000256ae1b0000 JavaThread "Attach Listener" daemon [_thread_blocked, id=50820, stack(0x000000b4f9a00000,0x000000b4f9b00000)]
  0x00000256ae1ae000 JavaThread "Signal Dispatcher" daemon [_thread_blocked, id=13456, stack(0x000000b4f9900000,0x000000b4f9a00000)]
  0x00000256ae190800 JavaThread "Finalizer" daemon [_thread_blocked, id=47100, stack(0x000000b4f9800000,0x000000b4f9900000)]
  0x00000256ae189800 JavaThread "Reference Handler" daemon [_thread_blocked, id=51536, stack(0x000000b4f9700000,0x000000b4f9800000)]
  0x00000256974c4000 JavaThread "main" [_thread_blocked, id=58628, stack(0x000000b4f8d00000,0x000000b4f8e00000)]

Other Threads:
  0x00000256ae164000 VMThread [stack: 0x000000b4f9600000,0x000000b4f9700000] [id=59364]
  0x00000256ae23b800 WatcherThread [stack: 0x000000b4fa000000,0x000000b4fa100000] [id=49016]

VM state:not at safepoint (normal execution)

VM Mutex/Monitor currently owned by a thread: None

heap address: 0x0000000082800000, size: 2008 MB, Compressed Oops mode: 32-bit
Narrow klass base: 0x0000000000000000, Narrow klass shift: 3
Compressed class space size: 1073741824 Address: 0x0000000100000000

Heap:
 PSYoungGen      total 37888K, used 5810K [0x00000000d6300000, 0x00000000d8d00000, 0x0000000100000000)
  eden space 32768K, 17% used [0x00000000d6300000,0x00000000d68ac8f8,0x00000000d8300000)
  from space 5120K, 0% used [0x00000000d8800000,0x00000000d8800000,0x00000000d8d00000)
  to   space 5120K, 0% used [0x00000000d8300000,0x00000000d8300000,0x00000000d8800000)
 ParOldGen       total 73728K, used 11590K [0x0000000082800000, 0x0000000087000000, 0x00000000d6300000)
  object space 73728K, 15% used [0x0000000082800000,0x00000000833519e8,0x0000000087000000)
 Metaspace       used 20559K, capacity 21762K, committed 22144K, reserved 1069056K
  class space    used 2898K, capacity 3116K, committed 3200K, reserved 1048576K

Card table byte_map: [0x00000256a8350000,0x00000256a8740000] byte_map_base: 0x00000256a7f3c000

Marking Bits: (ParMarkBitMap*) 0x0000000057c37fe0
 Begin Bits: [0x00000256a89e0000, 0x00000256aa940000)
 End Bits:   [0x00000256aa940000, 0x00000256ac8a0000)

Polling page: 0x00000256976b0000

CodeCache: size=245760Kb used=7334Kb max_used=7334Kb free=238425Kb
 bounds [0x0000025698f90000, 0x00000256996c0000, 0x00000256a7f90000]
 total_blobs=3047 nmethods=2329 adapters=630
 compilation: enabled

Compilation events (10 events):
Event: 1.577 Thread 0x00000256ae1c8000 2327       1       com.sun.prism.impl.shape.MaskData::getOriginY (5 bytes)
Event: 1.577 Thread 0x00000256ae1c8000 nmethod 2327 0x00000256996ae8d0 code [0x00000256996aea20, 0x00000256996aeb38]
Event: 1.578 Thread 0x00000256ae1c8000 2328       3       com.sun.prism.d3d.D3DTexture::update (425 bytes)
Event: 1.579 Thread 0x00000256ae1c8000 nmethod 2328 0x00000256996aeb90 code [0x00000256996aee20, 0x00000256996b0b70]
Event: 1.579 Thread 0x00000256ae1c8000 2329       3       com.sun.prism.impl.BaseTexture::checkUpdateParams (562 bytes)
Event: 1.582 Thread 0x00000256ae1c8000 nmethod 2329 0x00000256996b1510 code [0x00000256996b1e20, 0x00000256996b8880]
Event: 1.582 Thread 0x00000256ae1c8000 2331       3       com.sun.javafx.font.directwrite.DWGlyph::checkMetrics (136 bytes)
Event: 1.582 Thread 0x00000256ae1c8000 nmethod 2331 0x00000256996bc690 code [0x00000256996bc880, 0x00000256996bd4e0]
Event: 1.582 Thread 0x00000256ae1c8000 2330       1       java.nio.Buffer::capacity (5 bytes)
Event: 1.582 Thread 0x00000256ae1c8000 nmethod 2330 0x00000256996bd950 code [0x00000256996bdaa0, 0x00000256996bdbb8]

GC Heap History (6 events):
Event: 0.785 GC heap before
{Heap before GC invocations=1 (full 0):
 PSYoungGen      total 37888K, used 32768K [0x00000000d6300000, 0x00000000d8d00000, 0x0000000100000000)
  eden space 32768K, 100% used [0x00000000d6300000,0x00000000d8300000,0x00000000d8300000)
  from space 5120K, 0% used [0x00000000d8800000,0x00000000d8800000,0x00000000d8d00000)
  to   space 5120K, 0% used [0x00000000d8300000,0x00000000d8300000,0x00000000d8800000)
 ParOldGen       total 86016K, used 0K [0x0000000082800000, 0x0000000087c00000, 0x00000000d6300000)
  object space 86016K, 0% used [0x0000000082800000,0x0000000082800000,0x0000000087c00000)
 Metaspace       used 15674K, capacity 16230K, committed 16640K, reserved 1062912K
  class space    used 2063K, capacity 2220K, committed 2304K, reserved 1048576K
Event: 0.792 GC heap after
Heap after GC invocations=1 (full 0):
 PSYoungGen      total 37888K, used 5102K [0x00000000d6300000, 0x00000000d8d00000, 0x0000000100000000)
  eden space 32768K, 0% used [0x00000000d6300000,0x00000000d6300000,0x00000000d8300000)
  from space 5120K, 99% used [0x00000000d8300000,0x00000000d87fbba8,0x00000000d8800000)
  to   space 5120K, 0% used [0x00000000d8800000,0x00000000d8800000,0x00000000d8d00000)
 ParOldGen       total 86016K, used 3341K [0x0000000082800000, 0x0000000087c00000, 0x00000000d6300000)
  object space 86016K, 3% used [0x0000000082800000,0x0000000082b437e0,0x0000000087c00000)
 Metaspace       used 15674K, capacity 16230K, committed 16640K, reserved 1062912K
  class space    used 2063K, capacity 2220K, committed 2304K, reserved 1048576K
}
Event: 1.347 GC heap before
{Heap before GC invocations=2 (full 0):
 PSYoungGen      total 37888K, used 26494K [0x00000000d6300000, 0x00000000d8d00000, 0x0000000100000000)
  eden space 32768K, 65% used [0x00000000d6300000,0x00000000d77e3e60,0x00000000d8300000)
  from space 5120K, 99% used [0x00000000d8300000,0x00000000d87fbba8,0x00000000d8800000)
  to   space 5120K, 0% used [0x00000000d8800000,0x00000000d8800000,0x00000000d8d00000)
 ParOldGen       total 86016K, used 3341K [0x0000000082800000, 0x0000000087c00000, 0x00000000d6300000)
  object space 86016K, 3% used [0x0000000082800000,0x0000000082b437e0,0x0000000087c00000)
 Metaspace       used 20078K, capacity 21210K, committed 21248K, reserved 1067008K
  class space    used 2828K, capacity 3038K, committed 3072K, reserved 1048576K
Event: 1.361 GC heap after
Heap after GC invocations=2 (full 0):
 PSYoungGen      total 37888K, used 5088K [0x00000000d6300000, 0x00000000d8d00000, 0x0000000100000000)
  eden space 32768K, 0% used [0x00000000d6300000,0x00000000d6300000,0x00000000d8300000)
  from space 5120K, 99% used [0x00000000d8800000,0x00000000d8cf8060,0x00000000d8d00000)
  to   space 5120K, 0% used [0x00000000d8300000,0x00000000d8300000,0x00000000d8800000)
 ParOldGen       total 86016K, used 7064K [0x0000000082800000, 0x0000000087c00000, 0x00000000d6300000)
  object space 86016K, 8% used [0x0000000082800000,0x0000000082ee6260,0x0000000087c00000)
 Metaspace       used 20078K, capacity 21210K, committed 21248K, reserved 1067008K
  class space    used 2828K, capacity 3038K, committed 3072K, reserved 1048576K
}
Event: 1.361 GC heap before
{Heap before GC invocations=3 (full 1):
 PSYoungGen      total 37888K, used 5088K [0x00000000d6300000, 0x00000000d8d00000, 0x0000000100000000)
  eden space 32768K, 0% used [0x00000000d6300000,0x00000000d6300000,0x00000000d8300000)
  from space 5120K, 99% used [0x00000000d8800000,0x00000000d8cf8060,0x00000000d8d00000)
  to   space 5120K, 0% used [0x00000000d8300000,0x00000000d8300000,0x00000000d8800000)
 ParOldGen       total 86016K, used 7064K [0x0000000082800000, 0x0000000087c00000, 0x00000000d6300000)
  object space 86016K, 8% used [0x0000000082800000,0x0000000082ee6260,0x0000000087c00000)
 Metaspace       used 20078K, capacity 21210K, committed 21248K, reserved 1067008K
  class space    used 2828K, capacity 3038K, committed 3072K, reserved 1048576K
Event: 1.431 GC heap after
Heap after GC invocations=3 (full 1):
 PSYoungGen      total 37888K, used 0K [0x00000000d6300000, 0x00000000d8d00000, 0x0000000100000000)
  eden space 32768K, 0% used [0x00000000d6300000,0x00000000d6300000,0x00000000d8300000)
  from space 5120K, 0% used [0x00000000d8800000,0x00000000d8800000,0x00000000d8d00000)
  to   space 5120K, 0% used [0x00000000d8300000,0x00000000d8300000,0x00000000d8800000)
 ParOldGen       total 73728K, used 11590K [0x0000000082800000, 0x0000000087000000, 0x00000000d6300000)
  object space 73728K, 15% used [0x0000000082800000,0x00000000833519e8,0x0000000087000000)
 Metaspace       used 20078K, capacity 21210K, committed 21248K, reserved 1067008K
  class space    used 2828K, capacity 3038K, committed 3072K, reserved 1048576K
}

Deoptimization events (10 events):
Event: 1.137 Thread 0x00000256afe70800 Uncommon trap: reason=array_check action=maybe_recompile pc=0x00000256994cbc60 method=com.sun.javafx.css.SimpleSelector.applies(Ljavafx/css/Styleable;[Ljava/util/Set;I)Z @ 37
Event: 1.137 Thread 0x00000256afe70800 Uncommon trap: reason=array_check action=maybe_recompile pc=0x00000256994cbc60 method=com.sun.javafx.css.SimpleSelector.applies(Ljavafx/css/Styleable;[Ljava/util/Set;I)Z @ 37
Event: 1.137 Thread 0x00000256afe70800 Uncommon trap: reason=array_check action=maybe_recompile pc=0x00000256994cbc60 method=com.sun.javafx.css.SimpleSelector.applies(Ljavafx/css/Styleable;[Ljava/util/Set;I)Z @ 37
Event: 1.138 Thread 0x00000256afe70800 Uncommon trap: reason=unstable_if action=reinterpret pc=0x0000025699472fd0 method=com.sun.javafx.css.SimpleSelector.stateMatches(Ljavafx/css/Styleable;Ljava/util/Set;)Z @ 1
Event: 1.234 Thread 0x00000256afe70800 Uncommon trap: reason=array_check action=maybe_recompile pc=0x00000256995b7030 method=com.sun.javafx.css.SimpleSelector.applies(Ljavafx/css/Styleable;[Ljava/util/Set;I)Z @ 37
Event: 1.480 Thread 0x00000256af948800 Uncommon trap: reason=class_check action=maybe_recompile pc=0x00000256995e5b54 method=java.util.WeakHashMap.eq(Ljava/lang/Object;Ljava/lang/Object;)Z @ 7
Event: 1.480 Thread 0x00000256af948800 Uncommon trap: reason=class_check action=maybe_recompile pc=0x00000256995e5b54 method=java.util.WeakHashMap.eq(Ljava/lang/Object;Ljava/lang/Object;)Z @ 7
Event: 1.523 Thread 0x00000256af948800 Uncommon trap: reason=unstable_if action=reinterpret pc=0x0000025699689f04 method=com.sun.javafx.geom.RectBounds.isEmpty()Z @ 21
Event: 1.541 Thread 0x00000256af948800 Uncommon trap: reason=class_check action=maybe_recompile pc=0x00000256995e5b54 method=java.util.WeakHashMap.eq(Ljava/lang/Object;Ljava/lang/Object;)Z @ 7
Event: 1.542 Thread 0x00000256af948800 Uncommon trap: reason=class_check action=maybe_recompile pc=0x00000256995e5b54 method=java.util.WeakHashMap.eq(Ljava/lang/Object;Ljava/lang/Object;)Z @ 7

Classes redefined (0 events):
No events

Internal exceptions (10 events):
Event: 0.473 Thread 0x00000256afe70800 Exception <a 'java/lang/ArrayIndexOutOfBoundsException'> (0x00000000d76236b0) thrown at [C:\jenkins\workspace\8-2-build-windows-amd64-cygwin\jdk8u301\1513\hotspot\src\share\vm\runtime\sharedRuntime.cpp, line 609]
Event: 0.473 Thread 0x00000256afe70800 Exception <a 'java/lang/ArrayIndexOutOfBoundsException'> (0x00000000d7624418) thrown at [C:\jenkins\workspace\8-2-build-windows-amd64-cygwin\jdk8u301\1513\hotspot\src\share\vm\runtime\sharedRuntime.cpp, line 609]
Event: 0.473 Thread 0x00000256afe70800 Exception <a 'java/lang/ArrayIndexOutOfBoundsException'> (0x00000000d7625ee8) thrown at [C:\jenkins\workspace\8-2-build-windows-amd64-cygwin\jdk8u301\1513\hotspot\src\share\vm\runtime\sharedRuntime.cpp, line 609]
Event: 0.473 Thread 0x00000256afe70800 Exception <a 'java/lang/ArrayIndexOutOfBoundsException'> (0x00000000d7627300) thrown at [C:\jenkins\workspace\8-2-build-windows-amd64-cygwin\jdk8u301\1513\hotspot\src\share\vm\runtime\sharedRuntime.cpp, line 609]
Event: 0.479 Thread 0x00000256afe70800 Exception <a 'java/lang/ArrayIndexOutOfBoundsException'> (0x00000000d7657ed0) thrown at [C:\jenkins\workspace\8-2-build-windows-amd64-cygwin\jdk8u301\1513\hotspot\src\share\vm\runtime\sharedRuntime.cpp, line 609]
Event: 0.526 Thread 0x00000256afe70800 Exception <a 'java/io/FileNotFoundException'> (0x00000000d788cd78) thrown at [C:\jenkins\workspace\8-2-build-windows-amd64-cygwin\jdk8u301\1513\hotspot\src\share\vm\prims\jni.cpp, line 710]
Event: 0.559 Thread 0x00000256afe70800 Implicit null exception at 0x00000256991eb296 to 0x00000256991eb641
Event: 0.767 Thread 0x00000256afe70800 Implicit null exception at 0x000002569926ccf5 to 0x000002569926cf05
Event: 0.767 Thread 0x00000256afe70800 Implicit null exception at 0x000002569931cfd8 to 0x000002569931d066
Event: 1.138 Thread 0x00000256afe70800 Implicit null exception at 0x000002569947282c to 0x0000025699472fa5

Events (10 events):
Event: 1.553 loading class com/sun/javafx/font/directwrite/ID2D1Factory
Event: 1.553 loading class com/sun/javafx/font/directwrite/ID2D1Factory done
Event: 1.560 loading class com/sun/javafx/font/directwrite/ID2D1RenderTarget
Event: 1.560 loading class com/sun/javafx/font/directwrite/ID2D1RenderTarget done
Event: 1.561 loading class com/sun/javafx/font/directwrite/D2D1_POINT_2F
Event: 1.561 loading class com/sun/javafx/font/directwrite/D2D1_POINT_2F done
Event: 1.561 loading class com/sun/javafx/font/directwrite/ID2D1Brush
Event: 1.561 loading class com/sun/javafx/font/directwrite/ID2D1Brush done
Event: 1.562 loading class com/sun/javafx/font/directwrite/IWICBitmapLock
Event: 1.562 loading class com/sun/javafx/font/directwrite/IWICBitmapLock done


Dynamic libraries:
0x00007ff7520f0000 - 0x00007ff752137000 	C:\Program Files\Java\jdk1.8.0_301\jre\bin\java.exe
0x00007ffe677b0000 - 0x00007ffe679c4000 	C:\WINDOWS\SYSTEM32\ntdll.dll
0x00007ffe65c20000 - 0x00007ffe65ce3000 	C:\WINDOWS\System32\KERNEL32.DLL
0x00007ffe64f70000 - 0x00007ffe6530c000 	C:\WINDOWS\System32\KERNELBASE.dll
0x00007ffe67440000 - 0x00007ffe674ee000 	C:\WINDOWS\System32\ADVAPI32.dll
0x00007ffe661e0000 - 0x00007ffe66287000 	C:\WINDOWS\System32\msvcrt.dll
0x00007ffe66860000 - 0x00007ffe66904000 	C:\WINDOWS\System32\sechost.dll
0x00007ffe67320000 - 0x00007ffe67435000 	C:\WINDOWS\System32\RPCRT4.dll
0x00007ffe66490000 - 0x00007ffe6663d000 	C:\WINDOWS\System32\USER32.dll
0x00007ffe64e20000 - 0x00007ffe64e46000 	C:\WINDOWS\System32\win32u.dll
0x00007ffe674f0000 - 0x00007ffe67519000 	C:\WINDOWS\System32\GDI32.dll
0x00007ffe65310000 - 0x00007ffe65422000 	C:\WINDOWS\System32\gdi32full.dll
0x00007ffe65430000 - 0x00007ffe654ca000 	C:\WINDOWS\System32\msvcp_win.dll
0x00007ffe64e50000 - 0x00007ffe64f61000 	C:\WINDOWS\System32\ucrtbase.dll
0x00007ffe53cd0000 - 0x00007ffe53f5e000 	C:\WINDOWS\WinSxS\amd64_microsoft.windows.common-controls_6595b64144ccf1df_6.0.22621.608_none_a9444ca7c10bb01d\COMCTL32.dll
0x00007ffe655c0000 - 0x00007ffe655f2000 	C:\WINDOWS\System32\IMM32.DLL
0x00007ffe52070000 - 0x00007ffe52085000 	C:\Program Files\Java\jdk1.8.0_301\jre\bin\vcruntime140.dll
0x00007ffdfbfb0000 - 0x00007ffdfc04b000 	C:\Program Files\Java\jdk1.8.0_301\jre\bin\msvcp140.dll
0x0000000057450000 - 0x0000000057cb0000 	C:\Program Files\Java\jdk1.8.0_301\jre\bin\server\jvm.dll
0x00007ffe66370000 - 0x00007ffe66378000 	C:\WINDOWS\System32\PSAPI.DLL
0x00007ffe52090000 - 0x00007ffe52099000 	C:\WINDOWS\SYSTEM32\WSOCK32.dll
0x00007ffe5d3b0000 - 0x00007ffe5d3e4000 	C:\WINDOWS\SYSTEM32\WINMM.dll
0x00007ffe5edf0000 - 0x00007ffe5edfa000 	C:\WINDOWS\SYSTEM32\VERSION.dll
0x00007ffe66290000 - 0x00007ffe66301000 	C:\WINDOWS\System32\WS2_32.dll
0x00007ffe63cf0000 - 0x00007ffe63d08000 	C:\WINDOWS\SYSTEM32\kernel.appcore.dll
0x00007ffe52060000 - 0x00007ffe52070000 	C:\Program Files\Java\jdk1.8.0_301\jre\bin\verify.dll
0x00007ffe3fd40000 - 0x00007ffe3fd6b000 	C:\Program Files\Java\jdk1.8.0_301\jre\bin\java.dll
0x00007ffe3fd20000 - 0x00007ffe3fd38000 	C:\Program Files\Java\jdk1.8.0_301\jre\bin\zip.dll
0x00007ffe66b30000 - 0x00007ffe6731f000 	C:\WINDOWS\System32\SHELL32.dll
0x00007ffe62bd0000 - 0x00007ffe63498000 	C:\WINDOWS\SYSTEM32\windows.storage.dll
0x00007ffe65e30000 - 0x00007ffe661ba000 	C:\WINDOWS\System32\combase.dll
0x00007ffe62a90000 - 0x00007ffe62bce000 	C:\WINDOWS\SYSTEM32\wintypes.dll
0x00007ffe66390000 - 0x00007ffe66481000 	C:\WINDOWS\System32\SHCORE.dll
0x00007ffe66310000 - 0x00007ffe6636e000 	C:\WINDOWS\System32\shlwapi.dll
0x00007ffe64b20000 - 0x00007ffe64b41000 	C:\WINDOWS\SYSTEM32\profapi.dll
0x0000025697720000 - 0x0000025697723000 	C:\Program Files\Java\jdk1.8.0_301\jre\bin\api-ms-win-core-console-l1-1-0.dll
0x0000025697730000 - 0x0000025697733000 	C:\Program Files\Java\jdk1.8.0_301\jre\bin\api-ms-win-core-console-l1-2-0.dll
0x0000025697740000 - 0x0000025697743000 	C:\Program Files\Java\jdk1.8.0_301\jre\bin\api-ms-win-core-datetime-l1-1-0.dll
0x0000025697750000 - 0x0000025697753000 	C:\Program Files\Java\jdk1.8.0_301\jre\bin\api-ms-win-core-debug-l1-1-0.dll
0x0000025697760000 - 0x0000025697763000 	C:\Program Files\Java\jdk1.8.0_301\jre\bin\api-ms-win-core-errorhandling-l1-1-0.dll
0x0000025697770000 - 0x0000025697774000 	C:\Program Files\Java\jdk1.8.0_301\jre\bin\api-ms-win-core-file-l1-1-0.dll
0x0000025697780000 - 0x0000025697783000 	C:\Program Files\Java\jdk1.8.0_301\jre\bin\api-ms-win-core-file-l1-2-0.dll
0x0000025697790000 - 0x0000025697793000 	C:\Program Files\Java\jdk1.8.0_301\jre\bin\api-ms-win-core-file-l2-1-0.dll
0x00000256977a0000 - 0x00000256977a3000 	C:\Program Files\Java\jdk1.8.0_301\jre\bin\api-ms-win-core-handle-l1-1-0.dll
0x00000256977b0000 - 0x00000256977b3000 	C:\Program Files\Java\jdk1.8.0_301\jre\bin\api-ms-win-core-heap-l1-1-0.dll
0x00000256977c0000 - 0x00000256977c3000 	C:\Program Files\Java\jdk1.8.0_301\jre\bin\api-ms-win-core-interlocked-l1-1-0.dll
0x00000256977d0000 - 0x00000256977d3000 	C:\Program Files\Java\jdk1.8.0_301\jre\bin\api-ms-win-core-libraryloader-l1-1-0.dll
0x00000256afb20000 - 0x00000256afb23000 	C:\Program Files\Java\jdk1.8.0_301\jre\bin\api-ms-win-core-localization-l1-2-0.dll
0x00000256afb30000 - 0x00000256afb33000 	C:\Program Files\Java\jdk1.8.0_301\jre\bin\api-ms-win-core-memory-l1-1-0.dll
0x00000256afb40000 - 0x00000256afb43000 	C:\Program Files\Java\jdk1.8.0_301\jre\bin\api-ms-win-core-namedpipe-l1-1-0.dll
0x00000256afb50000 - 0x00000256afb53000 	C:\Program Files\Java\jdk1.8.0_301\jre\bin\api-ms-win-core-processenvironment-l1-1-0.dll
0x00000256afb60000 - 0x00000256afb63000 	C:\Program Files\Java\jdk1.8.0_301\jre\bin\api-ms-win-core-processthreads-l1-1-0.dll
0x00000256afb70000 - 0x00000256afb73000 	C:\Program Files\Java\jdk1.8.0_301\jre\bin\api-ms-win-core-processthreads-l1-1-1.dll
0x00000256afb80000 - 0x00000256afb83000 	C:\Program Files\Java\jdk1.8.0_301\jre\bin\api-ms-win-core-profile-l1-1-0.dll
0x00000256afb90000 - 0x00000256afb93000 	C:\Program Files\Java\jdk1.8.0_301\jre\bin\api-ms-win-core-rtlsupport-l1-1-0.dll
0x00000256afba0000 - 0x00000256afba3000 	C:\Program Files\Java\jdk1.8.0_301\jre\bin\api-ms-win-core-string-l1-1-0.dll
0x00000256afbb0000 - 0x00000256afbb3000 	C:\Program Files\Java\jdk1.8.0_301\jre\bin\api-ms-win-core-synch-l1-1-0.dll
0x00000256afbc0000 - 0x00000256afbc3000 	C:\Program Files\Java\jdk1.8.0_301\jre\bin\api-ms-win-core-synch-l1-2-0.dll
0x00000256afbd0000 - 0x00000256afbd3000 	C:\Program Files\Java\jdk1.8.0_301\jre\bin\api-ms-win-core-sysinfo-l1-1-0.dll
0x00000256afbe0000 - 0x00000256afbe3000 	C:\Program Files\Java\jdk1.8.0_301\jre\bin\api-ms-win-core-timezone-l1-1-0.dll
0x00000256afbf0000 - 0x00000256afbf3000 	C:\Program Files\Java\jdk1.8.0_301\jre\bin\api-ms-win-core-util-l1-1-0.dll
0x00000256afc00000 - 0x00000256afc03000 	C:\Program Files\Java\jdk1.8.0_301\jre\bin\api-ms-win-crt-conio-l1-1-0.dll
0x00000256afc10000 - 0x00000256afc14000 	C:\Program Files\Java\jdk1.8.0_301\jre\bin\api-ms-win-crt-convert-l1-1-0.dll
0x00000256afc20000 - 0x00000256afc23000 	C:\Program Files\Java\jdk1.8.0_301\jre\bin\api-ms-win-crt-environment-l1-1-0.dll
0x00000256afc30000 - 0x00000256afc33000 	C:\Program Files\Java\jdk1.8.0_301\jre\bin\api-ms-win-crt-filesystem-l1-1-0.dll
0x00000256afc40000 - 0x00000256afc43000 	C:\Program Files\Java\jdk1.8.0_301\jre\bin\api-ms-win-crt-heap-l1-1-0.dll
0x00000256afc50000 - 0x00000256afc53000 	C:\Program Files\Java\jdk1.8.0_301\jre\bin\api-ms-win-crt-locale-l1-1-0.dll
0x00000256afc60000 - 0x00000256afc65000 	C:\Program Files\Java\jdk1.8.0_301\jre\bin\api-ms-win-crt-math-l1-1-0.dll
0x00000256afc70000 - 0x00000256afc75000 	C:\Program Files\Java\jdk1.8.0_301\jre\bin\api-ms-win-crt-multibyte-l1-1-0.dll
0x00000256afc80000 - 0x00000256afc90000 	C:\Program Files\Java\jdk1.8.0_301\jre\bin\api-ms-win-crt-private-l1-1-0.dll
0x00000256afc90000 - 0x00000256afc93000 	C:\Program Files\Java\jdk1.8.0_301\jre\bin\api-ms-win-crt-process-l1-1-0.dll
0x00000256afca0000 - 0x00000256afca4000 	C:\Program Files\Java\jdk1.8.0_301\jre\bin\api-ms-win-crt-runtime-l1-1-0.dll
0x00000256afcb0000 - 0x00000256afcb4000 	C:\Program Files\Java\jdk1.8.0_301\jre\bin\api-ms-win-crt-stdio-l1-1-0.dll
0x00000256afcc0000 - 0x00000256afcc4000 	C:\Program Files\Java\jdk1.8.0_301\jre\bin\api-ms-win-crt-string-l1-1-0.dll
0x00000256afcd0000 - 0x00000256afcd3000 	C:\Program Files\Java\jdk1.8.0_301\jre\bin\api-ms-win-crt-time-l1-1-0.dll
0x00000256afce0000 - 0x00000256afce3000 	C:\Program Files\Java\jdk1.8.0_301\jre\bin\api-ms-win-crt-utility-l1-1-0.dll
0x00007ffe26650000 - 0x00007ffe2674a000 	C:\Program Files\Java\jdk1.8.0_301\jre\bin\ucrtbase.dll
0x00007ffe60190000 - 0x00007ffe6019c000 	C:\Program Files\Java\jdk1.8.0_301\jre\bin\vcruntime140_1.dll
0x00007ffe51dc0000 - 0x00007ffe51de3000 	C:\Program Files\Java\jdk1.8.0_301\jre\bin\prism_d3d.dll
0x00007ffe52c30000 - 0x00007ffe52dd9000 	C:\WINDOWS\system32\d3d9.dll
0x00007ffe62050000 - 0x00007ffe6207b000 	C:\WINDOWS\SYSTEM32\dwmapi.dll
0x00007ffe61f00000 - 0x00007ffe61f36000 	C:\WINDOWS\SYSTEM32\dxcore.dll
0x00007ffe61df0000 - 0x00007ffe61e9b000 	C:\WINDOWS\system32\uxtheme.dll
0x00007ffdcad40000 - 0x00007ffdcaea5000 	C:\WINDOWS\System32\DriverStore\FileRepository\iigd_dch.inf_amd64_034e16382545a6a5\igdumdim64.dll
0x00007ffe67520000 - 0x00007ffe676bc000 	C:\WINDOWS\System32\ole32.dll
0x00007ffd979c0000 - 0x00007ffd9b5e1000 	C:\WINDOWS\System32\DriverStore\FileRepository\iigd_dch.inf_amd64_034e16382545a6a5\igd9dxva64.dll
0x00007ffe65cf0000 - 0x00007ffe65dc7000 	C:\WINDOWS\System32\OLEAUT32.dll
0x00007ffe657a0000 - 0x00007ffe65c1a000 	C:\WINDOWS\System32\SETUPAPI.dll
0x00007ffe648e0000 - 0x00007ffe6492e000 	C:\WINDOWS\SYSTEM32\cfgmgr32.dll
0x00007ffe5a5e0000 - 0x00007ffe5a9ad000 	C:\WINDOWS\System32\DriverStore\FileRepository\iigd_dch.inf_amd64_034e16382545a6a5\igdgmm64.dll
0x00007ffe5f4b0000 - 0x00007ffe5f4f9000 	C:\WINDOWS\SYSTEM32\directxdatabasehelper.dll
0x00007ffe13580000 - 0x00007ffe1363e000 	C:\WINDOWS\System32\DriverStore\FileRepository\nvamsi.inf_amd64_797115fe5a63ac30\nvldumdx.dll
0x00007ffe64880000 - 0x00007ffe64892000 	C:\WINDOWS\SYSTEM32\msasn1.dll
0x00007ffe5a9d0000 - 0x00007ffe5aa02000 	C:\WINDOWS\SYSTEM32\cryptnet.dll
0x00007ffe64cb0000 - 0x00007ffe64e16000 	C:\WINDOWS\System32\CRYPT32.dll
0x00007ffe5a480000 - 0x00007ffe5a5d8000 	C:\WINDOWS\SYSTEM32\drvstore.dll
0x00007ffe648a0000 - 0x00007ffe648d3000 	C:\WINDOWS\SYSTEM32\devobj.dll
0x00007ffe644a0000 - 0x00007ffe644e9000 	C:\WINDOWS\SYSTEM32\wldp.dll
0x00007ffe643f0000 - 0x00007ffe643fc000 	C:\WINDOWS\SYSTEM32\cryptbase.dll
0x00007ffe65550000 - 0x00007ffe655bb000 	C:\WINDOWS\System32\WINTRUST.DLL
0x00007ffe661c0000 - 0x00007ffe661df000 	C:\WINDOWS\System32\imagehlp.dll
0x00007ffe643d0000 - 0x00007ffe643eb000 	C:\WINDOWS\SYSTEM32\CRYPTSP.dll
0x00007ffe63c60000 - 0x00007ffe63c95000 	C:\WINDOWS\system32\rsaenh.dll
0x00007ffe654d0000 - 0x00007ffe6554b000 	C:\WINDOWS\System32\bcryptPrimitives.dll
0x00007ffe64590000 - 0x00007ffe645b8000 	C:\WINDOWS\SYSTEM32\bcrypt.dll
0x00007ffdc2bb0000 - 0x00007ffdc51ba000 	C:\WINDOWS\System32\DriverStore\FileRepository\nvamsi.inf_amd64_797115fe5a63ac30\nvd3dumx.dll
0x00007ffe41580000 - 0x00007ffe415c2000 	C:\Program Files\Java\jdk1.8.0_301\jre\bin\glass.dll
0x00007ffe656a0000 - 0x00007ffe65797000 	C:\WINDOWS\System32\COMDLG32.dll
0x00007ffe666d0000 - 0x00007ffe667ee000 	C:\WINDOWS\System32\MSCTF.dll
0x00007ffe5ffa0000 - 0x00007ffe5ffc7000 	C:\WINDOWS\System32\DriverStore\FileRepository\iigd_dch.inf_amd64_034e16382545a6a5\igdinfo64.dll
0x00007ffe56fd0000 - 0x00007ffe59d17000 	C:\WINDOWS\System32\DriverStore\FileRepository\iigd_dch.inf_amd64_034e16382545a6a5\igc64.dll
0x00007ffe52bd0000 - 0x00007ffe52be4000 	C:\Program Files\Java\jdk1.8.0_301\jre\bin\javafx_font.dll
0x00007ffe60830000 - 0x00007ffe60a97000 	C:\WINDOWS\SYSTEM32\dwrite.dll
0x00007ffe3fd00000 - 0x00007ffe3fd1c000 	C:\Program Files\Java\jdk1.8.0_301\jre\bin\net.dll
0x00007ffe64160000 - 0x00007ffe641c9000 	C:\WINDOWS\system32\mswsock.dll
0x00007ffe637d0000 - 0x00007ffe638c3000 	C:\WINDOWS\SYSTEM32\DNSAPI.dll
0x00007ffe637a0000 - 0x00007ffe637cd000 	C:\WINDOWS\SYSTEM32\IPHLPAPI.DLL
0x00007ffe66380000 - 0x00007ffe66389000 	C:\WINDOWS\System32\NSI.dll
0x00007ffe502b0000 - 0x00007ffe502ba000 	C:\Windows\System32\rasadhlp.dll
0x00007ffe5cb30000 - 0x00007ffe5cbb3000 	C:\WINDOWS\System32\fwpuclnt.dll
0x00007ffe676c0000 - 0x00007ffe67770000 	C:\WINDOWS\System32\clbcatq.dll
0x00007ffe60290000 - 0x00007ffe60440000 	C:\WINDOWS\SYSTEM32\WindowsCodecs.dll
0x00007ffe512c0000 - 0x00007ffe5131e000 	C:\WINDOWS\system32\dataexchange.dll
0x00007ffe5c8c0000 - 0x00007ffe5cb2a000 	C:\WINDOWS\system32\twinapi.appcore.dll
0x00007ffe51eb0000 - 0x00007ffe51ee2000 	C:\Program Files\Common Files\Microsoft Shared\Ink\rtscom.dll
0x00007ffe52970000 - 0x00007ffe52a9d000 	C:\WINDOWS\SYSTEM32\textinputframework.dll
0x00007ffe61940000 - 0x00007ffe61a73000 	C:\WINDOWS\SYSTEM32\CoreMessaging.dll
0x00007ffe5e2f0000 - 0x00007ffe5e65c000 	C:\WINDOWS\SYSTEM32\CoreUIComponents.dll

VM Arguments:
jvm_args: -Dfile.encoding=UTF-8 
java_command: edu.user.gui.MainJavaFX
java_class_path (initial): C:\Program Files\NetBeans 8.2\ide\modules\ext\mysql-connector-java-5.1.23-bin.jar;C:\Users\chebi\Downloads\javax.mail.jar;C:\Users\chebi\Documents\GitHub\Pidev\user\build\classes
Launcher Type: SUN_STANDARD

Environment Variables:
PATH=C:\Program Files (x86)\Common Files\Oracle\Java\javapath;C:\Windows\system32;C:\Windows;C:\Windows\System32\Wbem;C:\Windows\System32\WindowsPowerShell\v1.0\;C:\Windows\System32\OpenSSH\;C:\Program Files (x86)\NVIDIA Corporation\PhysX\Common;C:\Program Files\NVIDIA Corporation\NVIDIA NvDLISR;C:\Program Files\dotnet\;C:\WINDOWS\system32;C:\WINDOWS;C:\WINDOWS\System32\Wbem;C:\WINDOWS\System32\WindowsPowerShell\v1.0\;C:\WINDOWS\System32\OpenSSH\;C:\Users\chebi\AppData\Local\Microsoft\WindowsApps;C:\Users\chebi\AppData\Local\Programs\Microsoft VS Code\bin;C:\Users\chebi\AppData\Local\GitHubDesktop\bin
USERNAME=chebi
OS=Windows_NT
PROCESSOR_IDENTIFIER=Intel64 Family 6 Model 165 Stepping 2, GenuineIntel



---------------  S Y S T E M  ---------------

OS: Windows 10.0 , 64 bit Build 22621 (10.0.22621.1194)

CPU:total 8 (initial active 8) (4 cores per cpu, 2 threads per core) family 6 model 165 stepping 2, cmov, cx8, fxsr, mmx, sse, sse2, sse3, ssse3, sse4.1, sse4.2, popcnt, avx, avx2, aes, clmul, erms, 3dnowpref, lzcnt, ht, tsc, tscinvbit, bmi1, bmi2, adx

Memory: 4k page, physical 8221704k(269792k free), swap 33387528k(5484k free)

vm_info: Java HotSpot(TM) 64-Bit Server VM (25.301-b09) for windows-amd64 JRE (1.8.0_301-b09), built on Jun  9 2021 06:46:21 by "java_re" with MS VC++ 15.9 (VS2017)

time: Fri Mar  3 23:30:15 2023
timezone: GMT
elapsed time: 1.608554 seconds (0d 0h 0m 1s)

